<?xml version="1.0" encoding="UTF-8"?>
<!-- Generated by org.testng.reporters.JUnitReportReporter -->
<testsuite hostname="VKARPENKO" name="com.example.tests.GroupCreationTests" tests="2" failures="0" timestamp="31 Aug 2015 08:30:30 GMT" time="1.490" errors="0">
  <testcase name="testEmptyGroupCreation" time="0.708" classname="com.example.tests.GroupCreationTests"/>
  <testcase name="testNonEmptyGroupCreation" time="0.782" classname="com.example.tests.GroupCreationTests"/>
</testsuite> <!-- com.example.tests.GroupCreationTests -->
