<?xml version="1.0" encoding="UTF-8"?>
<!-- Generated by org.testng.reporters.JUnitReportReporter -->
<testsuite hostname="VKARPENKO" name="com.example.tests.AlsoGroupCreation" tests="2" failures="0" timestamp="31 Aug 2015 08:51:31 GMT" time="2.830" errors="0">
  <testcase name="testEmptyGroupCreation" time="1.272" classname="com.example.tests.AlsoGroupCreation"/>
  <testcase name="testNonEmptyGroupCreation" time="1.558" classname="com.example.tests.AlsoGroupCreation"/>
</testsuite> <!-- com.example.tests.AlsoGroupCreation -->
