<?xml version="1.0" encoding="UTF-8"?>
<!-- Generated by org.testng.reporters.JUnitReportReporter -->
<testsuite hostname="VKARPENKO" name="com.example.tests.ContactCreation" tests="1" failures="0" timestamp="31 Aug 2015 12:28:08 GMT" time="3.117" errors="0">
  <testcase name="testNonEmptyContactCreation" time="3.117" classname="com.example.tests.ContactCreation"/>
</testsuite> <!-- com.example.tests.ContactCreation -->
