<?xml version="1.0" encoding="UTF-8"?>
<!-- Generated by org.testng.reporters.JUnitReportReporter -->
<testsuite hostname="VKARPENKO" name="com.example.tests.GroupCreationTests" tests="2" failures="0" timestamp="31 Aug 2015 11:59:19 GMT" time="3.063" errors="0">
  <testcase name="testEmptyGroupCreation" time="1.399" classname="com.example.tests.GroupCreationTests"/>
  <testcase name="testNonEmptyGroupCreation" time="1.664" classname="com.example.tests.GroupCreationTests"/>
</testsuite> <!-- com.example.tests.GroupCreationTests -->
